{
"/home/jzvelc/Workspace/gulp-revsolve/index.js":{"path":"/home/jzvelc/Workspace/gulp-revsolve/index.js","s":{"1":1,"2":10,"3":10,"4":10,"5":4,"6":6,"7":10,"8":1,"9":10,"10":1,"11":10,"12":6,"13":10,"14":1,"15":10,"16":1,"17":1,"18":50,"19":50,"20":1,"21":1,"22":49,"23":1,"24":1,"25":48,"26":48,"27":10,"28":38,"29":48,"30":48,"31":0,"32":0,"33":48,"34":48,"35":1,"36":8,"37":1,"38":390,"39":365,"40":25,"41":1,"42":8,"43":48,"44":8,"45":8,"46":8,"47":40,"48":40,"49":40,"50":40,"51":40,"52":40,"53":0,"54":40,"55":40,"56":40,"57":40,"58":40,"59":40,"60":40,"61":1,"62":40,"63":40,"64":240,"65":40,"66":200,"67":31,"68":31,"69":169,"70":5,"71":195,"72":195,"73":195,"74":156,"75":39,"76":39,"77":39,"78":39,"79":13,"80":13,"81":3,"82":2,"83":2,"84":39,"85":28,"86":2,"87":28,"88":3,"89":28,"90":28,"91":28,"92":0,"93":0,"94":11,"95":0,"96":0,"97":40,"98":8,"99":8,"100":1,"101":8,"102":7,"103":42,"104":8,"105":10},"b":{"1":[10,3],"2":[4,6],"3":[1,9],"4":[6,4],"5":[1,9],"6":[1,9],"7":[1,49],"8":[1,48],"9":[10,38],"10":[0,48],"11":[365,25],"12":[0,40],"13":[40,0],"14":[1,39],"15":[40,5],"16":[40,200],"17":[31,169],"18":[200,175],"19":[5,164],"20":[195,50],"21":[156,39],"22":[39,30],"23":[39,28],"24":[13,26],"25":[2,1],"26":[28,11],"27":[2,26],"28":[3,25],"29":[28,4],"30":[0,28],"31":[0,11],"32":[1,7],"33":[7,1]},"f":{"1":10,"2":50,"3":48,"4":8,"5":390,"6":8,"7":48,"8":8,"9":40,"10":240,"11":42},"fnMap":{"1":{"name":"(anonymous_1)","line":1,"loc":{"start":{"line":1,"column":17},"end":{"line":1,"column":36}}},"2":{"name":"transform","line":48,"loc":{"start":{"line":48,"column":2},"end":{"line":48,"column":36}}},"3":{"name":"(anonymous_3)","line":70,"loc":{"start":{"line":70,"column":51},"end":{"line":70,"column":73}}},"4":{"name":"flush","line":81,"loc":{"start":{"line":81,"column":2},"end":{"line":81,"column":19}}},"5":{"name":"normalize","line":85,"loc":{"start":{"line":85,"column":2},"end":{"line":85,"column":41}}},"6":{"name":"replace","line":93,"loc":{"start":{"line":93,"column":2},"end":{"line":93,"column":28}}},"7":{"name":"(anonymous_7)","line":95,"loc":{"start":{"line":95,"column":32},"end":{"line":95,"column":48}}},"8":{"name":"(anonymous_8)","line":99,"loc":{"start":{"line":99,"column":23},"end":{"line":99,"column":39}}},"9":{"name":"(anonymous_9)","line":102,"loc":{"start":{"line":102,"column":47},"end":{"line":102,"column":62}}},"10":{"name":"(anonymous_10)","line":136,"loc":{"start":{"line":136,"column":26},"end":{"line":136,"column":43}}},"11":{"name":"(anonymous_11)","line":210,"loc":{"start":{"line":210,"column":24},"end":{"line":210,"column":41}}}},"statementMap":{"1":{"start":{"line":1,"column":0},"end":{"line":219,"column":2}},"2":{"start":{"line":2,"column":2},"end":{"line":10,"column":16}},"3":{"start":{"line":12,"column":2},"end":{"line":20,"column":14}},"4":{"start":{"line":22,"column":2},"end":{"line":26,"column":3}},"5":{"start":{"line":23,"column":4},"end":{"line":23,"column":36}},"6":{"start":{"line":25,"column":4},"end":{"line":25,"column":44}},"7":{"start":{"line":28,"column":2},"end":{"line":30,"column":3}},"8":{"start":{"line":29,"column":4},"end":{"line":29,"column":34}},"9":{"start":{"line":32,"column":2},"end":{"line":34,"column":3}},"10":{"start":{"line":33,"column":4},"end":{"line":33,"column":66}},"11":{"start":{"line":36,"column":2},"end":{"line":38,"column":3}},"12":{"start":{"line":37,"column":4},"end":{"line":37,"column":46}},"13":{"start":{"line":40,"column":2},"end":{"line":42,"column":3}},"14":{"start":{"line":41,"column":4},"end":{"line":41,"column":71}},"15":{"start":{"line":44,"column":2},"end":{"line":46,"column":3}},"16":{"start":{"line":45,"column":4},"end":{"line":45,"column":73}},"17":{"start":{"line":48,"column":2},"end":{"line":79,"column":3}},"18":{"start":{"line":49,"column":4},"end":{"line":49,"column":17}},"19":{"start":{"line":51,"column":4},"end":{"line":54,"column":5}},"20":{"start":{"line":52,"column":6},"end":{"line":52,"column":21}},"21":{"start":{"line":53,"column":6},"end":{"line":53,"column":13}},"22":{"start":{"line":55,"column":4},"end":{"line":58,"column":5}},"23":{"start":{"line":56,"column":6},"end":{"line":56,"column":79}},"24":{"start":{"line":57,"column":6},"end":{"line":57,"column":13}},"25":{"start":{"line":60,"column":4},"end":{"line":60,"column":22}},"26":{"start":{"line":63,"column":4},"end":{"line":67,"column":5}},"27":{"start":{"line":64,"column":6},"end":{"line":64,"column":34}},"28":{"start":{"line":66,"column":6},"end":{"line":66,"column":27}},"29":{"start":{"line":70,"column":4},"end":{"line":78,"column":7}},"30":{"start":{"line":72,"column":6},"end":{"line":75,"column":7}},"31":{"start":{"line":73,"column":8},"end":{"line":73,"column":109},"skip":true},"32":{"start":{"line":74,"column":8},"end":{"line":74,"column":15},"skip":true},"33":{"start":{"line":76,"column":6},"end":{"line":76,"column":31}},"34":{"start":{"line":77,"column":6},"end":{"line":77,"column":11}},"35":{"start":{"line":81,"column":2},"end":{"line":83,"column":3}},"36":{"start":{"line":82,"column":4},"end":{"line":82,"column":18}},"37":{"start":{"line":85,"column":2},"end":{"line":91,"column":3}},"38":{"start":{"line":86,"column":4},"end":{"line":90,"column":5}},"39":{"start":{"line":87,"column":6},"end":{"line":87,"column":47}},"40":{"start":{"line":89,"column":6},"end":{"line":89,"column":50}},"41":{"start":{"line":93,"column":2},"end":{"line":216,"column":3}},"42":{"start":{"line":95,"column":4},"end":{"line":97,"column":7}},"43":{"start":{"line":96,"column":6},"end":{"line":96,"column":29}},"44":{"start":{"line":99,"column":4},"end":{"line":207,"column":7}},"45":{"start":{"line":100,"column":6},"end":{"line":100,"column":42}},"46":{"start":{"line":102,"column":6},"end":{"line":200,"column":9}},"47":{"start":{"line":103,"column":8},"end":{"line":104,"column":80}},"48":{"start":{"line":106,"column":8},"end":{"line":106,"column":36}},"49":{"start":{"line":107,"column":8},"end":{"line":107,"column":22}},"50":{"start":{"line":108,"column":8},"end":{"line":108,"column":33}},"51":{"start":{"line":109,"column":8},"end":{"line":109,"column":31}},"52":{"start":{"line":113,"column":8},"end":{"line":115,"column":9}},"53":{"start":{"line":114,"column":10},"end":{"line":114,"column":21},"skip":true},"54":{"start":{"line":117,"column":8},"end":{"line":117,"column":39}},"55":{"start":{"line":118,"column":8},"end":{"line":118,"column":20}},"56":{"start":{"line":121,"column":8},"end":{"line":121,"column":35}},"57":{"start":{"line":122,"column":8},"end":{"line":125,"column":9}},"58":{"start":{"line":123,"column":10},"end":{"line":123,"column":45}},"59":{"start":{"line":124,"column":10},"end":{"line":124,"column":25}},"60":{"start":{"line":128,"column":8},"end":{"line":130,"column":9}},"61":{"start":{"line":129,"column":10},"end":{"line":129,"column":73}},"62":{"start":{"line":133,"column":8},"end":{"line":133,"column":41}},"63":{"start":{"line":136,"column":8},"end":{"line":198,"column":11}},"64":{"start":{"line":139,"column":10},"end":{"line":141,"column":11}},"65":{"start":{"line":140,"column":12},"end":{"line":140,"column":19}},"66":{"start":{"line":144,"column":10},"end":{"line":149,"column":11}},"67":{"start":{"line":145,"column":12},"end":{"line":145,"column":43}},"68":{"start":{"line":146,"column":12},"end":{"line":146,"column":43}},"69":{"start":{"line":147,"column":17},"end":{"line":149,"column":11}},"70":{"start":{"line":148,"column":12},"end":{"line":148,"column":19}},"71":{"start":{"line":151,"column":10},"end":{"line":151,"column":62}},"72":{"start":{"line":152,"column":10},"end":{"line":152,"column":84}},"73":{"start":{"line":155,"column":10},"end":{"line":157,"column":11}},"74":{"start":{"line":156,"column":12},"end":{"line":156,"column":19}},"75":{"start":{"line":159,"column":10},"end":{"line":159,"column":33}},"76":{"start":{"line":160,"column":10},"end":{"line":160,"column":103}},"77":{"start":{"line":163,"column":10},"end":{"line":163,"column":65}},"78":{"start":{"line":164,"column":10},"end":{"line":172,"column":11}},"79":{"start":{"line":165,"column":12},"end":{"line":165,"column":49}},"80":{"start":{"line":166,"column":12},"end":{"line":171,"column":13}},"81":{"start":{"line":167,"column":14},"end":{"line":170,"column":15}},"82":{"start":{"line":168,"column":16},"end":{"line":168,"column":31}},"83":{"start":{"line":169,"column":16},"end":{"line":169,"column":22}},"84":{"start":{"line":175,"column":10},"end":{"line":197,"column":11}},"85":{"start":{"line":176,"column":12},"end":{"line":178,"column":13}},"86":{"start":{"line":177,"column":14},"end":{"line":177,"column":34}},"87":{"start":{"line":181,"column":12},"end":{"line":183,"column":13}},"88":{"start":{"line":182,"column":14},"end":{"line":182,"column":90}},"89":{"start":{"line":185,"column":12},"end":{"line":185,"column":64}},"90":{"start":{"line":187,"column":12},"end":{"line":187,"column":47}},"91":{"start":{"line":190,"column":12},"end":{"line":193,"column":13}},"92":{"start":{"line":191,"column":14},"end":{"line":191,"column":78},"skip":true},"93":{"start":{"line":192,"column":14},"end":{"line":192,"column":101},"skip":true},"94":{"start":{"line":194,"column":17},"end":{"line":197,"column":11},"skip":true},"95":{"start":{"line":195,"column":12},"end":{"line":195,"column":72},"skip":true},"96":{"start":{"line":196,"column":12},"end":{"line":196,"column":139},"skip":true},"97":{"start":{"line":199,"column":8},"end":{"line":199,"column":19}},"98":{"start":{"line":202,"column":6},"end":{"line":202,"column":42}},"99":{"start":{"line":204,"column":6},"end":{"line":206,"column":7}},"100":{"start":{"line":205,"column":8},"end":{"line":205,"column":27}},"101":{"start":{"line":209,"column":4},"end":{"line":213,"column":5}},"102":{"start":{"line":210,"column":6},"end":{"line":212,"column":9}},"103":{"start":{"line":211,"column":8},"end":{"line":211,"column":28}},"104":{"start":{"line":215,"column":4},"end":{"line":215,"column":24}},"105":{"start":{"line":218,"column":2},"end":{"line":218,"column":39}}},"branchMap":{"1":{"line":9,"type":"binary-expr","locations":[{"start":{"line":9,"column":14},"end":{"line":9,"column":21}},{"start":{"line":9,"column":25},"end":{"line":9,"column":27}}]},"2":{"line":22,"type":"if","locations":[{"start":{"line":22,"column":2},"end":{"line":22,"column":2}},{"start":{"line":22,"column":2},"end":{"line":22,"column":2}}]},"3":{"line":28,"type":"if","locations":[{"start":{"line":28,"column":2},"end":{"line":28,"column":2}},{"start":{"line":28,"column":2},"end":{"line":28,"column":2}}]},"4":{"line":36,"type":"if","locations":[{"start":{"line":36,"column":2},"end":{"line":36,"column":2}},{"start":{"line":36,"column":2},"end":{"line":36,"column":2}}]},"5":{"line":40,"type":"if","locations":[{"start":{"line":40,"column":2},"end":{"line":40,"column":2}},{"start":{"line":40,"column":2},"end":{"line":40,"column":2}}]},"6":{"line":44,"type":"if","locations":[{"start":{"line":44,"column":2},"end":{"line":44,"column":2}},{"start":{"line":44,"column":2},"end":{"line":44,"column":2}}]},"7":{"line":51,"type":"if","locations":[{"start":{"line":51,"column":4},"end":{"line":51,"column":4}},{"start":{"line":51,"column":4},"end":{"line":51,"column":4}}]},"8":{"line":55,"type":"if","locations":[{"start":{"line":55,"column":4},"end":{"line":55,"column":4}},{"start":{"line":55,"column":4},"end":{"line":55,"column":4}}]},"9":{"line":63,"type":"if","locations":[{"start":{"line":63,"column":4},"end":{"line":63,"column":4}},{"start":{"line":63,"column":4},"end":{"line":63,"column":4}}]},"10":{"line":72,"type":"if","locations":[{"start":{"line":72,"column":6},"end":{"line":72,"column":6},"skip":true},{"start":{"line":72,"column":6},"end":{"line":72,"column":6}}]},"11":{"line":86,"type":"if","locations":[{"start":{"line":86,"column":4},"end":{"line":86,"column":4}},{"start":{"line":86,"column":4},"end":{"line":86,"column":4}}]},"12":{"line":113,"type":"if","locations":[{"start":{"line":113,"column":8},"end":{"line":113,"column":8},"skip":true},{"start":{"line":113,"column":8},"end":{"line":113,"column":8}}]},"13":{"line":122,"type":"if","locations":[{"start":{"line":122,"column":8},"end":{"line":122,"column":8}},{"start":{"line":122,"column":8},"end":{"line":122,"column":8}}]},"14":{"line":128,"type":"if","locations":[{"start":{"line":128,"column":8},"end":{"line":128,"column":8}},{"start":{"line":128,"column":8},"end":{"line":128,"column":8}}]},"15":{"line":128,"type":"binary-expr","locations":[{"start":{"line":128,"column":12},"end":{"line":128,"column":34}},{"start":{"line":128,"column":38},"end":{"line":128,"column":108}}]},"16":{"line":139,"type":"if","locations":[{"start":{"line":139,"column":10},"end":{"line":139,"column":10}},{"start":{"line":139,"column":10},"end":{"line":139,"column":10}}]},"17":{"line":144,"type":"if","locations":[{"start":{"line":144,"column":10},"end":{"line":144,"column":10}},{"start":{"line":144,"column":10},"end":{"line":144,"column":10}}]},"18":{"line":144,"type":"binary-expr","locations":[{"start":{"line":144,"column":14},"end":{"line":144,"column":35}},{"start":{"line":144,"column":39},"end":{"line":144,"column":57}}]},"19":{"line":147,"type":"if","locations":[{"start":{"line":147,"column":17},"end":{"line":147,"column":17}},{"start":{"line":147,"column":17},"end":{"line":147,"column":17}}]},"20":{"line":152,"type":"binary-expr","locations":[{"start":{"line":152,"column":30},"end":{"line":152,"column":42}},{"start":{"line":152,"column":46},"end":{"line":152,"column":70}}]},"21":{"line":155,"type":"if","locations":[{"start":{"line":155,"column":10},"end":{"line":155,"column":10}},{"start":{"line":155,"column":10},"end":{"line":155,"column":10}}]},"22":{"line":160,"type":"binary-expr","locations":[{"start":{"line":160,"column":52},"end":{"line":160,"column":68}},{"start":{"line":160,"column":72},"end":{"line":160,"column":81}}]},"23":{"line":163,"type":"binary-expr","locations":[{"start":{"line":163,"column":20},"end":{"line":163,"column":40}},{"start":{"line":163,"column":44},"end":{"line":163,"column":64}}]},"24":{"line":164,"type":"if","locations":[{"start":{"line":164,"column":10},"end":{"line":164,"column":10}},{"start":{"line":164,"column":10},"end":{"line":164,"column":10}}]},"25":{"line":167,"type":"if","locations":[{"start":{"line":167,"column":14},"end":{"line":167,"column":14}},{"start":{"line":167,"column":14},"end":{"line":167,"column":14}}]},"26":{"line":175,"type":"if","locations":[{"start":{"line":175,"column":10},"end":{"line":175,"column":10}},{"start":{"line":175,"column":10},"end":{"line":175,"column":10},"skip":true}]},"27":{"line":176,"type":"if","locations":[{"start":{"line":176,"column":12},"end":{"line":176,"column":12}},{"start":{"line":176,"column":12},"end":{"line":176,"column":12}}]},"28":{"line":181,"type":"if","locations":[{"start":{"line":181,"column":12},"end":{"line":181,"column":12}},{"start":{"line":181,"column":12},"end":{"line":181,"column":12}}]},"29":{"line":181,"type":"binary-expr","locations":[{"start":{"line":181,"column":16},"end":{"line":181,"column":39}},{"start":{"line":181,"column":43},"end":{"line":181,"column":119}}]},"30":{"line":190,"type":"if","locations":[{"start":{"line":190,"column":12},"end":{"line":190,"column":12},"skip":true},{"start":{"line":190,"column":12},"end":{"line":190,"column":12}}]},"31":{"line":194,"type":"if","locations":[{"start":{"line":194,"column":17},"end":{"line":194,"column":17},"skip":true},{"start":{"line":194,"column":17},"end":{"line":194,"column":17},"skip":true}]},"32":{"line":204,"type":"if","locations":[{"start":{"line":204,"column":6},"end":{"line":204,"column":6}},{"start":{"line":204,"column":6},"end":{"line":204,"column":6}}]},"33":{"line":209,"type":"if","locations":[{"start":{"line":209,"column":4},"end":{"line":209,"column":4}},{"start":{"line":209,"column":4},"end":{"line":209,"column":4}}]}},"l":{"1":1,"2":10,"12":10,"22":10,"23":4,"25":6,"28":10,"29":1,"32":10,"33":1,"36":10,"37":6,"40":10,"41":1,"44":10,"45":1,"48":1,"49":50,"51":50,"52":1,"53":1,"55":49,"56":1,"57":1,"60":48,"63":48,"64":10,"66":38,"70":48,"72":48,"73":1,"74":1,"76":48,"77":48,"81":1,"82":8,"85":1,"86":390,"87":365,"89":25,"93":1,"95":8,"96":48,"99":8,"100":8,"102":8,"103":40,"106":40,"107":40,"108":40,"109":40,"113":40,"114":1,"117":40,"118":40,"121":40,"122":40,"123":40,"124":40,"128":40,"129":1,"133":40,"136":40,"139":240,"140":40,"144":200,"145":31,"146":31,"147":169,"148":5,"151":195,"152":195,"155":195,"156":156,"159":39,"160":39,"163":39,"164":39,"165":13,"166":13,"167":3,"168":2,"169":2,"175":39,"176":28,"177":2,"181":28,"182":3,"185":28,"187":28,"190":28,"191":1,"192":1,"194":11,"195":1,"196":1,"199":40,"202":8,"204":8,"205":1,"209":8,"210":7,"211":42,"215":8,"218":10}}}
