TN:
SF:/home/jzvelc/Workspace/gulp-revsolve/index.js
FN:1,(anonymous_1)
FN:48,transform
FN:70,(anonymous_3)
FN:81,flush
FN:85,normalize
FN:93,replace
FN:95,(anonymous_7)
FN:99,(anonymous_8)
FN:102,(anonymous_9)
FN:136,(anonymous_10)
FN:210,(anonymous_11)
FNF:11
FNH:11
FNDA:10,(anonymous_1)
FNDA:50,transform
FNDA:48,(anonymous_3)
FNDA:8,flush
FNDA:390,normalize
FNDA:8,replace
FNDA:48,(anonymous_7)
FNDA:8,(anonymous_8)
FNDA:40,(anonymous_9)
FNDA:240,(anonymous_10)
FNDA:42,(anonymous_11)
DA:1,1
DA:2,10
DA:12,10
DA:22,10
DA:23,4
DA:25,6
DA:28,10
DA:29,1
DA:32,10
DA:33,1
DA:36,10
DA:37,6
DA:40,10
DA:41,1
DA:44,10
DA:45,1
DA:48,1
DA:49,50
DA:51,50
DA:52,1
DA:53,1
DA:55,49
DA:56,1
DA:57,1
DA:60,48
DA:63,48
DA:64,10
DA:66,38
DA:70,48
DA:72,48
DA:73,1
DA:74,1
DA:76,48
DA:77,48
DA:81,1
DA:82,8
DA:85,1
DA:86,390
DA:87,365
DA:89,25
DA:93,1
DA:95,8
DA:96,48
DA:99,8
DA:100,8
DA:102,8
DA:103,40
DA:106,40
DA:107,40
DA:108,40
DA:109,40
DA:113,40
DA:114,1
DA:117,40
DA:118,40
DA:121,40
DA:122,40
DA:123,40
DA:124,40
DA:128,40
DA:129,1
DA:133,40
DA:136,40
DA:139,240
DA:140,40
DA:144,200
DA:145,31
DA:146,31
DA:147,169
DA:148,5
DA:151,195
DA:152,195
DA:155,195
DA:156,156
DA:159,39
DA:160,39
DA:163,39
DA:164,39
DA:165,13
DA:166,13
DA:167,3
DA:168,2
DA:169,2
DA:175,39
DA:176,28
DA:177,2
DA:181,28
DA:182,3
DA:185,28
DA:187,28
DA:190,28
DA:191,1
DA:192,1
DA:194,11
DA:195,1
DA:196,1
DA:199,40
DA:202,8
DA:204,8
DA:205,1
DA:209,8
DA:210,7
DA:211,42
DA:215,8
DA:218,10
LF:105
LH:105
BRDA:9,1,0,10
BRDA:9,1,1,3
BRDA:22,2,0,4
BRDA:22,2,1,6
BRDA:28,3,0,1
BRDA:28,3,1,9
BRDA:36,4,0,6
BRDA:36,4,1,4
BRDA:40,5,0,1
BRDA:40,5,1,9
BRDA:44,6,0,1
BRDA:44,6,1,9
BRDA:51,7,0,1
BRDA:51,7,1,49
BRDA:55,8,0,1
BRDA:55,8,1,48
BRDA:63,9,0,10
BRDA:63,9,1,38
BRDA:72,10,0,0
BRDA:72,10,1,48
BRDA:86,11,0,365
BRDA:86,11,1,25
BRDA:113,12,0,0
BRDA:113,12,1,40
BRDA:122,13,0,40
BRDA:122,13,1,0
BRDA:128,14,0,1
BRDA:128,14,1,39
BRDA:128,15,0,40
BRDA:128,15,1,5
BRDA:139,16,0,40
BRDA:139,16,1,200
BRDA:144,17,0,31
BRDA:144,17,1,169
BRDA:144,18,0,200
BRDA:144,18,1,175
BRDA:147,19,0,5
BRDA:147,19,1,164
BRDA:152,20,0,195
BRDA:152,20,1,50
BRDA:155,21,0,156
BRDA:155,21,1,39
BRDA:160,22,0,39
BRDA:160,22,1,30
BRDA:163,23,0,39
BRDA:163,23,1,28
BRDA:164,24,0,13
BRDA:164,24,1,26
BRDA:167,25,0,2
BRDA:167,25,1,1
BRDA:175,26,0,28
BRDA:175,26,1,11
BRDA:176,27,0,2
BRDA:176,27,1,26
BRDA:181,28,0,3
BRDA:181,28,1,25
BRDA:181,29,0,28
BRDA:181,29,1,4
BRDA:190,30,0,0
BRDA:190,30,1,28
BRDA:194,31,0,0
BRDA:194,31,1,11
BRDA:204,32,0,1
BRDA:204,32,1,7
BRDA:209,33,0,7
BRDA:209,33,1,1
BRF:66
BRH:65
end_of_record
